converged SCF energy = -9.92552447936271
converged SCF energy = -9.92552447954308  <S^2> = 4.7397393e-09  2S+1 = 1
<class 'pyscf.scf.uhf.UHF'> wavefunction has an internal instability.
<class 'pyscf.scf.uhf.UHF'> wavefunction is stable in the real -> complex stability analysis
<class 'pyscf.scf.uhf.UHF'> wavefunction has an UHF/UKS -> GHF/GKS instability.
converged SCF energy = -10.157787301101  <S^2> = 3.582598  2S+1 = 3.9154044
<class 'pyscf.soscf.newton_ah.newton.<locals>.SecondOrderUHF'> wavefunction is stable in the internal stability analysis
<class 'pyscf.soscf.newton_ah.newton.<locals>.SecondOrderUHF'> wavefunction is stable in the real -> complex stability analysis
<class 'pyscf.soscf.newton_ah.newton.<locals>.SecondOrderUHF'> wavefunction is stable in the UHF/UKS -> GHF/GKS stability analysis
converged SCF energy = -10.1577873011578  <S^2> = 3.5826004  2S+1 = 3.9154057
E(CCSD) = -10.45640498916424  E_corr = -0.5308805098015218
CCSD(T) correction = -0.0147483992170719
CCSD(T) energy -10.471153388381309
E(UCCSD) = -10.42137247854958  E_corr = -0.2635851773917304
UCCSD(T) correction = -0.0059540989213193
UCCSD(T) energy -10.4273265774709
#
# Orbital relaxed finite difference properties using rhf reference
# epsilon: 1e-05
E(CCSD) = -10.45586506606724  E_corr = -0.5308851505928738
CCSD(T) correction = -0.014748579562943
E(CCSD) = -10.45694491240441  E_corr = -0.5308758690327244
CCSD(T) correction = -0.014748218881615
# FD single point energies:
# emf_m: -9.924979915474363, emf_p: -9.92606904337169
# emp2_m: -10.2316065554048, emp2_p: -10.232692909175576
# eccsd_m: -10.455865066067236, eccsd_p: -10.456944912404412
# eccsdpt_m: -10.470613645630179, eccsd_p: -10.471693131286026
# FD Observables:
HF observable: -54.45639486634234
MP2 observable: -54.31768853876306
CCSD observable: -53.99231685876415
CCSD(T) observable: -53.974282792346166
#
# Orbital unrelaxed finite difference properties using rhf reference
# epsilon: 1e-05
E(CCSD) = -10.45586511189848  E_corr = -0.5308851964837833
CCSD(T) correction = -0.0147486914891261
E(CCSD) = -10.45694486659231  E_corr = -0.5308758232815388
CCSD(T) correction = -0.0147481069564499
# FD single point energies:
# emp2_m: -10.2316065656048, emp2_p: -10.23269289888252
# eccsd_m: -10.455865111898483, eccsd_p: -10.456944866592307
# eccsdpt_m: -10.470613803387609, eccsd_p: -10.471692973548757
# FD Observables:
MP2 observable: -54.31666388604483
CCSD observable: -53.98773469122985
CCSD(T) observable: -53.958508057405645
#
# Orbital relaxed finite difference properties using uhf reference
# epsilon: 1e-05
E(UCCSD) = -10.42083207553567  E_corr = -0.2635845679138218
UCCSD(T) correction = -0.00595402245176218
E(UCCSD) = -10.42191288168836  E_corr = -0.2635857868390691
UCCSD(T) correction = -0.00595417539012174
# FD single point energies:
# emf_m: -10.157247507621836, emf_p: -10.158327094849287
# emp2_m: -10.247446118005843, emp2_p: -10.248528250353191
# eccsd_m: -10.42083207553567, eccsd_p: -10.421912881688364
# eccsdpt_m: -10.426786097987431, eccsd_p: -10.427867057078485
# FD Observables:
HF observable: -53.979361372569194
MP2 observable: -54.106617367377645
CCSD observable: -54.04030763473954
CCSD(T) observable: -54.047954552682846
#
# Orbital unrelaxed finite difference properties using uhf reference
# epsilon: 1e-05
E(UCCSD) = -10.42083228174443  E_corr = -0.2635847742060523
UCCSD(T) correction = -0.00595405596153841
E(UCCSD) = -10.42191267547819  E_corr = -0.2635855807009067
UCCSD(T) correction = -0.00595414188176034
# FD single point energies:
# emp2_m: -10.247447738495174, emp2_p: -10.248526629714291
# eccsd_m: -10.420832281744435, eccsd_p: -10.421912675478191
# eccsdpt_m: -10.426786337705973, eccsd_p: -10.427866817359952
# FD Observables:
MP2 observable: -53.9445609558875
CCSD observable: -54.01968668783396
CCSD(T) observable: -54.02398269893637
#
# Preparing AFQMC calculation
# Calculating Cholesky integrals
# Finished calculating Cholesky integrals

# Size of the correlation space:
# Number of electrons: (10, 10)
# Number of basis functions: 20
# Number of Cholesky vectors: 39


n_sr_blocks: 2

# Number of MPI ranks: 36
#
# norb: 20
# nelec: (10, 10)
#
# n_eql: 2
# n_ene_blocks: 1
# n_blocks: 40
# n_walkers: 50
# seed: 98
# walker_type: uhf
# orbital_rotation: True
# ad_mode: forward
# n_sr_blocks: 2
# dt: 0.01
# n_prop_steps: 50
# do_sr: True
# symmetry: False
#
# Equilibration sweeps:
#   Iter        Block energy      Walltime
#     0      -1.015772082e+01     5.35e+00 
#     1      -1.040472984e+01     2.87e+01 
#     2      -1.044815063e+01     5.17e+01 
#
# Sampling sweeps:
#  Iter        Mean energy          Stochastic error       Mean observable       Walltime
     0      -1.045279039e+01        2.882169876e-03        -5.380522323e+01       1.20e+02 
     4      -1.045353263e+01        1.057652824e-03        -5.403964511e+01       1.26e+02 
     8      -1.045392367e+01        8.021483384e-04        -5.406533597e+01       1.32e+02 
    12      -1.045443836e+01        6.636932619e-04        -5.407995100e+01       1.38e+02 
    16      -1.045452273e+01        5.776894906e-04        -5.408406341e+01       1.44e+02 
    20      -1.045534659e+01        5.330298902e-04        -5.408949695e+01       1.51e+02 
    24      -1.045593387e+01        5.019002646e-04        -5.409122210e+01       1.57e+02 
    28      -1.045584730e+01        4.621991293e-04        -5.409247266e+01       1.63e+02 
    32      -1.045590582e+01        4.284356452e-04        -5.409342149e+01       1.69e+02 
    36      -1.045596616e+01        4.029994101e-04        -5.409344812e+01       1.75e+02 
#
# Number of large deviations: 0
# Number of outliers in post: 30 
#
# Mean: -1.04561565e+01
# Block size    # of blocks         Mean                Error
      1             1410       -1.04561565e+01       3.847037e-04
      2              705       -1.04561565e+01       3.968752e-04
      5              282       -1.04561565e+01       3.974873e-04
     10              141       -1.04561565e+01       3.808490e-04
     20               70       -1.04561426e+01       3.995549e-04
     50               28       -1.04561426e+01       4.850129e-04
    100               14       -1.04561426e+01       6.806217e-04
    200                7       -1.04561426e+01       8.245078e-04
    300                4       -1.04557456e+01       1.226672e-03
    400                3       -1.04557456e+01       1.102660e-03
    500                2       -1.04558095e+01       2.050711e-03
# Stocahstic error estimate: 3.968752e-04
#
AFQMC energy: -10.4562 +/- 0.0004

#
# Mean: -5.41002358e+01
# Block size    # of blocks         Mean                Error
      1             1410       -5.41002358e+01       7.459945e-04
      2              705       -5.41002358e+01       7.339011e-04
      5              282       -5.41002358e+01       7.313075e-04
     10              141       -5.41002358e+01       6.837560e-04
     20               70       -5.41002908e+01       7.170827e-04
     50               28       -5.41002908e+01       7.316976e-04
    100               14       -5.41002908e+01       9.286324e-04
    200                7       -5.41002908e+01       9.821938e-04
    300                4       -5.41003123e+01       1.838721e-03
    400                3       -5.41003123e+01       1.309650e-03
    500                2       -5.41003139e+01       1.381633e-03
# Stocahstic error estimate: 7.459945e-04
#
AFQMC observable: -54.1002 +/- 0.0007

ph_afqmc walltime: 179.3339364528656

n_sr_blocks: 5

# Number of MPI ranks: 36
#
# norb: 20
# nelec: (10, 10)
#
# n_eql: 2
# n_ene_blocks: 1
# n_blocks: 40
# n_walkers: 50
# seed: 98
# walker_type: uhf
# orbital_rotation: True
# ad_mode: forward
# n_sr_blocks: 5
# dt: 0.01
# n_prop_steps: 50
# do_sr: True
# symmetry: False
#
# Equilibration sweeps:
#   Iter        Block energy      Walltime
#     0      -1.015772082e+01     5.38e+00 
#     1      -1.040472984e+01     2.88e+01 
#     2      -1.044815063e+01     5.17e+01 
#
# Sampling sweeps:
#  Iter        Mean energy          Stochastic error       Mean observable       Walltime
     0      -1.045561685e+01        2.360484647e-03        -5.394968679e+01       1.22e+02 
     4      -1.045568640e+01        8.069704842e-04        -5.404183217e+01       1.36e+02 
     8      -1.045691567e+01        6.476698646e-04        -5.405401070e+01       1.51e+02 
    12      -1.045765644e+01        5.576734897e-04        -5.405726520e+01       1.65e+02 
    16      -1.045825584e+01        4.933955000e-04        -5.406085645e+01       1.80e+02 
    20      -1.045830694e+01        4.472251255e-04        -5.406299221e+01       1.94e+02 
    24      -1.045845387e+01        4.048431432e-04        -5.406596256e+01       2.09e+02 
    28      -1.045851033e+01        3.689862416e-04        -5.406624341e+01       2.23e+02 
    32      -1.045883668e+01        3.465498042e-04        -5.406678651e+01       2.38e+02 
    36      -1.045883579e+01        3.277715078e-04        -5.406723930e+01       2.52e+02 
#
# Number of large deviations: 0
# Number of outliers in post: 30 
#
# Mean: -1.04586109e+01
# Block size    # of blocks         Mean                Error
      1             1410       -1.04586109e+01       3.133617e-04
      2              705       -1.04586109e+01       3.157780e-04
      5              282       -1.04586109e+01       3.143292e-04
     10              141       -1.04586109e+01       3.084603e-04
     20               70       -1.04586381e+01       3.093049e-04
     50               28       -1.04586381e+01       3.576558e-04
    100               14       -1.04586381e+01       4.487425e-04
    200                7       -1.04586381e+01       6.311148e-04
    300                4       -1.04586064e+01       7.671954e-04
    400                3       -1.04586064e+01       8.511477e-04
    500                2       -1.04583779e+01       8.046706e-04
# Stocahstic error estimate: 3.157780e-04
#
AFQMC energy: -10.4586 +/- 0.0003

#
# Mean: -5.40691037e+01
# Block size    # of blocks         Mean                Error
      1             1410       -5.40691037e+01       7.069396e-04
      2              705       -5.40691037e+01       7.170707e-04
      5              282       -5.40691037e+01       6.993721e-04
     10              141       -5.40691037e+01       7.485409e-04
     20               70       -5.40689843e+01       7.082740e-04
     50               28       -5.40689843e+01       6.277206e-04
    100               14       -5.40689843e+01       7.407303e-04
    200                7       -5.40689843e+01       8.936325e-04
    300                4       -5.40690076e+01       1.285355e-03
    400                3       -5.40690076e+01       1.836596e-03
    500                2       -5.40685615e+01       2.766793e-03
# Stocahstic error estimate: 7.170707e-04
#
AFQMC observable: -54.0691 +/- 0.0007

ph_afqmc walltime: 263.6902389526367

n_sr_blocks: 10

# Number of MPI ranks: 36
#
# norb: 20
# nelec: (10, 10)
#
# n_eql: 2
# n_ene_blocks: 1
# n_blocks: 40
# n_walkers: 50
# seed: 98
# walker_type: uhf
# orbital_rotation: True
# ad_mode: forward
# n_sr_blocks: 10
# dt: 0.01
# n_prop_steps: 50
# do_sr: True
# symmetry: False
#
# Equilibration sweeps:
#   Iter        Block energy      Walltime
#     0      -1.015772082e+01     5.38e+00 
#     1      -1.040472984e+01     2.88e+01 
#     2      -1.044815063e+01     5.19e+01 
#
# Sampling sweeps:
#  Iter        Mean energy          Stochastic error       Mean observable       Walltime
     0      -1.045479220e+01        1.664391667e-03        -5.395668990e+01       1.26e+02 
     4      -1.045699488e+01        7.050459580e-04        -5.402745636e+01       1.55e+02 
     8      -1.045777049e+01        5.002712499e-04        -5.403592320e+01       1.83e+02 
    12      -1.045824315e+01        4.261576212e-04        -5.404144215e+01       2.12e+02 
    16      -1.045847343e+01        3.592297507e-04        -5.404249694e+01       2.41e+02 
    20      -1.045868640e+01        3.275607862e-04        -5.404581775e+01       2.69e+02 
    24      -1.045854317e+01        2.972204280e-04        -5.404650908e+01       2.99e+02 
    28      -1.045861343e+01        2.748951868e-04        -5.404518296e+01       3.27e+02 
    32      -1.045875032e+01        2.570701543e-04        -5.404618305e+01       3.56e+02 
    36      -1.045887797e+01        2.461252239e-04        -5.404808649e+01       3.84e+02 
#
# Number of large deviations: 0
# Number of outliers in post: 55 
#
# Mean: -1.04588129e+01
# Block size    # of blocks         Mean                Error
      1             1385       -1.04588129e+01       2.346777e-04
      2              692       -1.04588084e+01       2.411410e-04
      5              277       -1.04588129e+01       2.527629e-04
     10              138       -1.04587996e+01       2.632691e-04
     20               69       -1.04587996e+01       2.794071e-04
     50               27       -1.04587786e+01       3.307374e-04
    100               13       -1.04587656e+01       4.091313e-04
    200                6       -1.04587975e+01       4.643596e-04
    300                4       -1.04587975e+01       5.649591e-04
    400                3       -1.04587975e+01       5.685093e-04
    500                2       -1.04585107e+01       5.384783e-04
# Stocahstic error estimate: 2.411410e-04
#
AFQMC energy: -10.4588 +/- 0.0002

#
# Mean: -5.40499844e+01
# Block size    # of blocks         Mean                Error
      1             1385       -5.40499844e+01       8.897050e-04
      2              692       -5.40499789e+01       8.966781e-04
      5              277       -5.40499844e+01       8.984341e-04
     10              138       -5.40500296e+01       9.608873e-04
     20               69       -5.40500296e+01       1.042956e-03
     50               27       -5.40500355e+01       1.057970e-03
    100               13       -5.40503333e+01       1.327560e-03
    200                6       -5.40504062e+01       1.731855e-03
    300                4       -5.40504062e+01       1.498876e-03
    400                3       -5.40504062e+01       5.004115e-04
    500                2       -5.40494196e+01       2.404818e-03
# Stocahstic error estimate: 8.966781e-04
#
AFQMC observable: -54.0500 +/- 0.0009

ph_afqmc walltime: 406.0071859359741

n_sr_blocks: 15

# Number of MPI ranks: 36
#
# norb: 20
# nelec: (10, 10)
#
# n_eql: 2
# n_ene_blocks: 1
# n_blocks: 40
# n_walkers: 50
# seed: 98
# walker_type: uhf
# orbital_rotation: True
# ad_mode: forward
# n_sr_blocks: 15
# dt: 0.01
# n_prop_steps: 50
# do_sr: True
# symmetry: False
#
# Equilibration sweeps:
#   Iter        Block energy      Walltime
#     0      -1.015772082e+01     5.38e+00 
#     1      -1.040472984e+01     2.89e+01 
#     2      -1.044815063e+01     5.21e+01 
#
# Sampling sweeps:
#  Iter        Mean energy          Stochastic error       Mean observable       Walltime
     0      -1.045480857e+01        1.462819295e-03        -5.398836138e+01       1.30e+02 
     4      -1.045628623e+01        5.099843449e-04        -5.405413474e+01       1.73e+02 
     8      -1.045758959e+01        4.325542723e-04        -5.405005080e+01       2.15e+02 
    12      -1.045782851e+01        3.728990002e-04        -5.405029762e+01       2.58e+02 
    16      -1.045852005e+01        3.232516190e-04        -5.404843527e+01       3.00e+02 
    20      -1.045855060e+01        2.850064842e-04        -5.404702353e+01       3.43e+02 
    24      -1.045893390e+01        2.639471879e-04        -5.404918571e+01       3.86e+02 
    28      -1.045886889e+01        2.401900937e-04        -5.404967565e+01       4.28e+02 
    32      -1.045891740e+01        2.226290739e-04        -5.404894219e+01       4.71e+02 
    36      -1.045894260e+01        2.103173683e-04        -5.404838447e+01       5.14e+02 
#
# Number of large deviations: 0
# Number of outliers in post: 40 
#
# Mean: -1.04590575e+01
# Block size    # of blocks         Mean                Error
      1             1400       -1.04590575e+01       2.032163e-04
      2              700       -1.04590575e+01       2.027517e-04
      5              280       -1.04590575e+01       2.120785e-04
     10              140       -1.04590575e+01       2.156918e-04
     20               70       -1.04590575e+01       2.537801e-04
     50               28       -1.04590575e+01       3.521354e-04
    100               14       -1.04590575e+01       4.257575e-04
    200                7       -1.04590575e+01       5.304345e-04
    300                4       -1.04588600e+01       6.629545e-04
    400                3       -1.04588600e+01       6.671782e-04
    500                2       -1.04588154e+01       1.168076e-03
# Stocahstic error estimate: 2.032163e-04
#
AFQMC energy: -10.4591 +/- 0.0002

#
# Mean: -5.40447348e+01
# Block size    # of blocks         Mean                Error
      1             1400       -5.40447348e+01       9.623565e-04
      2              700       -5.40447348e+01       9.611042e-04
      5              280       -5.40447348e+01       9.544317e-04
     10              140       -5.40447348e+01       9.126609e-04
     20               70       -5.40447348e+01       8.994233e-04
     50               28       -5.40447348e+01       8.194491e-04
    100               14       -5.40447348e+01       7.159074e-04
    200                7       -5.40447348e+01       6.458078e-04
    300                4       -5.40444538e+01       1.069934e-03
    400                3       -5.40444538e+01       9.126871e-04
    500                2       -5.40440518e+01       5.571229e-04
# Stocahstic error estimate: 9.623565e-04
#
AFQMC observable: -54.0447 +/- 0.0010

ph_afqmc walltime: 546.0953769683838

n_sr_blocks: 20

# Number of MPI ranks: 36
#
# norb: 20
# nelec: (10, 10)
#
# n_eql: 2
# n_ene_blocks: 1
# n_blocks: 40
# n_walkers: 50
# seed: 98
# walker_type: uhf
# orbital_rotation: True
# ad_mode: forward
# n_sr_blocks: 20
# dt: 0.01
# n_prop_steps: 50
# do_sr: True
# symmetry: False
#
# Equilibration sweeps:
#   Iter        Block energy      Walltime
#     0      -1.015772082e+01     5.38e+00 
#     1      -1.040472984e+01     2.87e+01 
#     2      -1.044815063e+01     5.18e+01 
#
# Sampling sweeps:
#  Iter        Mean energy          Stochastic error       Mean observable       Walltime
     0      -1.045432781e+01        1.206252817e-03        -5.399619720e+01       1.33e+02 
     4      -1.045741511e+01        5.326408017e-04        -5.403176891e+01       1.90e+02 
     8      -1.045822947e+01        3.978802972e-04        -5.403590583e+01       2.47e+02 
    12      -1.045880538e+01        3.244204056e-04        -5.403626933e+01       3.04e+02 
    16      -1.045911012e+01        2.757319856e-04        -5.403869390e+01       3.61e+02 
    20      -1.045924848e+01        2.472028857e-04        -5.403823275e+01       4.18e+02 
    24      -1.045934008e+01        2.268344816e-04        -5.403918868e+01       4.75e+02 
    28      -1.045942413e+01        2.112959633e-04        -5.403712741e+01       5.33e+02 
    32      -1.045949817e+01        1.996430257e-04        -5.403780883e+01       5.90e+02 
    36      -1.045953044e+01        1.881209350e-04        -5.403607485e+01       6.46e+02 
#
# Number of large deviations: 0
# Number of outliers in post: 43 
#
# Mean: -1.04595875e+01
# Block size    # of blocks         Mean                Error
      1             1397       -1.04595875e+01       1.832678e-04
      2              698       -1.04595879e+01       1.848393e-04
      5              279       -1.04595908e+01       1.855063e-04
     10              139       -1.04595817e+01       1.907414e-04
     20               69       -1.04595512e+01       2.043922e-04
     50               27       -1.04595527e+01       2.577177e-04
    100               13       -1.04595204e+01       2.995273e-04
    200                6       -1.04594694e+01       4.648049e-04
    300                4       -1.04594694e+01       4.964119e-04
    400                3       -1.04594694e+01       5.817969e-04
    500                2       -1.04594106e+01       7.216495e-04
# Stocahstic error estimate: 1.848393e-04
#
AFQMC energy: -10.4596 +/- 0.0002

#
# Mean: -5.40396201e+01
# Block size    # of blocks         Mean                Error
      1             1397       -5.40396201e+01       9.619064e-04
      2              698       -5.40396258e+01       9.616838e-04
      5              279       -5.40395792e+01       9.197656e-04
     10              139       -5.40396041e+01       8.506373e-04
     20               69       -5.40395811e+01       8.858308e-04
     50               27       -5.40396206e+01       8.726809e-04
    100               13       -5.40396423e+01       1.110709e-03
    200                6       -5.40397182e+01       1.155041e-03
    300                4       -5.40397182e+01       1.214445e-03
    400                3       -5.40397182e+01       1.102073e-03
    500                2       -5.40403399e+01       1.453653e-03
# Stocahstic error estimate: 9.619064e-04
#
AFQMC observable: -54.0396 +/- 0.0010

ph_afqmc walltime: 689.2449553012848

n_sr_blocks: 25

# Number of MPI ranks: 36
#
# norb: 20
# nelec: (10, 10)
#
# n_eql: 2
# n_ene_blocks: 1
# n_blocks: 40
# n_walkers: 50
# seed: 98
# walker_type: uhf
# orbital_rotation: True
# ad_mode: forward
# n_sr_blocks: 25
# dt: 0.01
# n_prop_steps: 50
# do_sr: True
# symmetry: False
#
# Equilibration sweeps:
#   Iter        Block energy      Walltime
#     0      -1.015772082e+01     5.38e+00 
#     1      -1.040472984e+01     2.87e+01 
#     2      -1.044815063e+01     5.18e+01 
#
# Sampling sweeps:
#  Iter        Mean energy          Stochastic error       Mean observable       Walltime
     0      -1.045460899e+01        1.256321247e-03        -5.436130150e+01       1.36e+02 
     4      -1.045708138e+01                -              -5.407560310e+01       2.08e+02 
     8      -1.045781244e+01        3.469220910e-04        -5.407172455e+01       2.80e+02 
    12      -1.045830575e+01        2.937002674e-04        -5.406070050e+01       3.51e+02 
    16      -1.045876051e+01                -              -5.406103754e+01       4.23e+02 
    20      -1.045910341e+01                -              -5.394416568e+01       4.94e+02 
    24      -1.045911703e+01                -              -5.395838517e+01       5.65e+02 
    28      -1.045907449e+01        1.354769897e-03        -5.397137412e+01       6.37e+02 
    32      -1.045909036e+01        1.779436037e-04        -5.397945664e+01       7.08e+02 
    36      -1.045924062e+01        1.674563225e-04        -5.398589765e+01       7.79e+02 
#
# Number of large deviations: 0
# Number of outliers in post: 41 
#
# Mean: -1.04593169e+01
# Block size    # of blocks         Mean                Error
      1             1399       -1.04593169e+01       1.553240e-04
      2              699       -1.04593141e+01       1.609925e-04
      5              279       -1.04593071e+01       1.679220e-04
     10              139       -1.04592966e+01       1.788452e-04
     20               69       -1.04592913e+01       2.039368e-04
     50               27       -1.04592733e+01       2.737797e-04
    100               13       -1.04592435e+01       3.565289e-04
    200                6       -1.04591710e+01       4.792822e-04
    300                4       -1.04591710e+01       5.909535e-04
    400                3       -1.04591710e+01       6.070450e-04
    500                2       -1.04590739e+01       8.604990e-04
# Stocahstic error estimate: 1.609925e-04
#
AFQMC energy: -10.4593 +/- 0.0002

#
# Mean: -5.40383513e+01
# Block size    # of blocks         Mean                Error
      1             1399       -5.40383513e+01       1.121887e-03
      2              699       -5.40383695e+01       1.081812e-03
      5              279       -5.40383780e+01       1.093740e-03
     10              139       -5.40383676e+01       1.018234e-03
     20               69       -5.40382210e+01       1.071759e-03
     50               27       -5.40384068e+01       1.114586e-03
    100               13       -5.40382776e+01       1.306204e-03
    200                6       -5.40380377e+01       1.532887e-03
    300                4       -5.40380377e+01       1.814911e-03
    400                3       -5.40380377e+01       1.956345e-03
    500                2       -5.40382908e+01       2.830280e-03
# Stocahstic error estimate: 1.121887e-03
#
AFQMC observable: -54.038 +/- 0.001

ph_afqmc walltime: 832.9684250354767

n_sr_blocks: 30

# Number of MPI ranks: 36
#
# norb: 20
# nelec: (10, 10)
#
# n_eql: 2
# n_ene_blocks: 1
# n_blocks: 40
# n_walkers: 50
# seed: 98
# walker_type: uhf
# orbital_rotation: True
# ad_mode: forward
# n_sr_blocks: 30
# dt: 0.01
# n_prop_steps: 50
# do_sr: True
# symmetry: False
#
# Equilibration sweeps:
#   Iter        Block energy      Walltime
#     0      -1.015772082e+01     5.37e+00 
#     1      -1.040472984e+01     2.88e+01 
#     2      -1.044815063e+01     5.23e+01 
#
# Sampling sweeps:
#  Iter        Mean energy          Stochastic error       Mean observable       Walltime
     0      -1.045510832e+01        1.298083266e-03        -5.430873995e+01       1.42e+02 
     4      -1.045816749e+01        5.509424600e-04        -5.408664206e+01       2.28e+02 
     8      -1.045884049e+01        3.758158734e-04        -5.406316705e+01       3.14e+02 
    12      -1.045923084e+01        3.074233064e-04        -5.405701718e+01       3.99e+02 
    16      -1.045924312e+01        2.582702808e-04        -5.405325961e+01       4.85e+02 
    20      -1.045927242e+01        2.214054742e-04        -5.405307562e+01       5.70e+02 
    24      -1.045941861e+01        2.043265818e-04        -5.404823888e+01       6.56e+02 
    28      -1.045956688e+01        1.866310155e-04        -5.404732731e+01       7.41e+02 
    32      -1.045964060e+01        1.734877742e-04        -5.404192926e+01       8.27e+02 
    36      -1.045961499e+01        1.639457532e-04        -5.404047897e+01       9.12e+02 
#
# Number of large deviations: 0
# Number of outliers in post: 53 
#
# Mean: -1.04596297e+01
# Block size    # of blocks         Mean                Error
      1             1387       -1.04596297e+01       1.584452e-04
      2              693       -1.04596256e+01       1.583772e-04
      5              277       -1.04596298e+01       1.669041e-04
     10              138       -1.04596186e+01       1.623687e-04
     20               69       -1.04596186e+01       1.711570e-04
     50               27       -1.04596320e+01       1.984056e-04
    100               13       -1.04596212e+01       2.439501e-04
    200                6       -1.04596231e+01       3.517730e-04
    300                4       -1.04596231e+01       3.382077e-04
    400                3       -1.04596231e+01       4.816468e-04
    500                2       -1.04595706e+01       5.884797e-04
# Stocahstic error estimate: 1.584452e-04
#
AFQMC energy: -10.4596 +/- 0.0002

#
# Mean: -5.40380514e+01
# Block size    # of blocks         Mean                Error
      1             1387       -5.40380514e+01       1.077726e-03
      2              693       -5.40380466e+01       1.089349e-03
      5              277       -5.40380437e+01       1.045352e-03
     10              138       -5.40380087e+01       1.083361e-03
     20               69       -5.40380087e+01       1.068119e-03
     50               27       -5.40379283e+01       1.211179e-03
    100               13       -5.40379751e+01       9.957473e-04
    200                6       -5.40381963e+01       1.514336e-03
    300                4       -5.40381963e+01       1.998839e-03
    400                3       -5.40381963e+01       2.068623e-03
    500                2       -5.40386608e+01       3.324243e-04
# Stocahstic error estimate: 1.089349e-03
#
AFQMC observable: -54.038 +/- 0.001

ph_afqmc walltime: 975.9213609695435

n_sr_blocks: 35

# Number of MPI ranks: 36
#
# norb: 20
# nelec: (10, 10)
#
# n_eql: 2
# n_ene_blocks: 1
# n_blocks: 40
# n_walkers: 50
# seed: 98
# walker_type: uhf
# orbital_rotation: True
# ad_mode: forward
# n_sr_blocks: 35
# dt: 0.01
# n_prop_steps: 50
# do_sr: True
# symmetry: False
#
# Equilibration sweeps:
#   Iter        Block energy      Walltime
#     0      -1.015772082e+01     5.37e+00 
#     1      -1.040472984e+01     2.87e+01 
#     2      -1.044815063e+01     5.18e+01 
#
# Sampling sweeps:
#  Iter        Mean energy          Stochastic error       Mean observable       Walltime
     0      -1.045541394e+01        1.186051972e-03        -5.426642566e+01       1.43e+02 
     4      -1.045845188e+01        4.426329023e-04        -5.406868523e+01       2.43e+02 
     8      -1.045888294e+01        3.059645087e-04        -5.409245025e+01       3.42e+02 
    12      -1.045909929e+01        2.491872188e-04        -5.407100096e+01       4.42e+02 
    16      -1.045920412e+01        2.167160568e-04        -5.406551492e+01       5.41e+02 
    20      -1.045924768e+01        1.897372623e-04        -5.405864516e+01       6.41e+02 
    24      -1.045937065e+01        1.719682276e-04        -5.405623718e+01       7.40e+02 
    28      -1.045938871e+01        1.592827749e-04        -5.405543536e+01       8.40e+02 
    32      -1.045926964e+01        1.505936825e-04        -5.405325270e+01       9.39e+02 
    36      -1.045929645e+01        1.426287513e-04        -5.405199547e+01       1.04e+03 
#
# Number of large deviations: 0
# Number of outliers in post: 43 
#
# Mean: -1.04593281e+01
# Block size    # of blocks         Mean                Error
      1             1397       -1.04593281e+01       1.382074e-04
      2              698       -1.04593224e+01       1.385788e-04
      5              279       -1.04593220e+01       1.511198e-04
     10              139       -1.04593158e+01       1.555481e-04
     20               69       -1.04593086e+01       1.686122e-04
     50               27       -1.04592905e+01       1.729433e-04
    100               13       -1.04592960e+01       2.155520e-04
    200                6       -1.04593022e+01       2.731597e-04
    300                4       -1.04593022e+01       2.386496e-04
    400                3       -1.04593022e+01       1.236834e-04
    500                2       -1.04594249e+01       4.532125e-04
# Stocahstic error estimate: 1.385788e-04
#
AFQMC energy: -10.4593 +/- 0.0001

#
# Mean: -5.40366098e+01
# Block size    # of blocks         Mean                Error
      1             1397       -5.40366098e+01       1.241384e-03
      2              698       -5.40367268e+01       1.222604e-03
      5              279       -5.40366901e+01       1.269305e-03
     10              139       -5.40366373e+01       1.303160e-03
     20               69       -5.40364411e+01       1.334589e-03
     50               27       -5.40368204e+01       1.352543e-03
    100               13       -5.40371453e+01       1.447964e-03
    200                6       -5.40371374e+01       7.424556e-04
    300                4       -5.40371374e+01       8.050960e-04
    400                3       -5.40371374e+01       4.898761e-04
    500                2       -5.40371851e+01       2.917665e-03
# Stocahstic error estimate: 1.241384e-03
#
AFQMC observable: -54.037 +/- 0.001

ph_afqmc walltime: 1114.0249848365784

n_sr_blocks: 40

# Number of MPI ranks: 36
#
# norb: 20
# nelec: (10, 10)
#
# n_eql: 2
# n_ene_blocks: 1
# n_blocks: 40
# n_walkers: 50
# seed: 98
# walker_type: uhf
# orbital_rotation: True
# ad_mode: forward
# n_sr_blocks: 40
# dt: 0.01
# n_prop_steps: 50
# do_sr: True
# symmetry: False
#
# Equilibration sweeps:
#   Iter        Block energy      Walltime
#     0      -1.015772082e+01     5.38e+00 
#     1      -1.040472984e+01     2.88e+01 
#     2      -1.044815063e+01     5.18e+01 
#
# Sampling sweeps:
#  Iter        Mean energy          Stochastic error       Mean observable       Walltime
     0      -1.045570514e+01        1.067366914e-03        -5.424044839e+01       1.47e+02 
     4      -1.045841192e+01        4.032741989e-04        -5.408722224e+01       2.61e+02 
     8      -1.045928183e+01        2.981821831e-04        -5.405523881e+01       3.74e+02 
    12      -1.045933825e+01        2.391618994e-04        -5.404729445e+01       4.88e+02 
    16      -1.045941567e+01        2.072537676e-04        -5.405081868e+01       6.01e+02 
    20      -1.045944547e+01        1.827752950e-04        -5.405217865e+01       7.14e+02 
    24      -1.045952151e+01        1.699098688e-04        -5.404552601e+01       8.28e+02 
    28      -1.045944636e+01        1.565381793e-04        -5.404048292e+01       9.41e+02 
    32      -1.045939992e+01        1.459333468e-04        -5.403938041e+01       1.05e+03 
    36      -1.045940955e+01        1.370268595e-04        -5.403842498e+01       1.17e+03 
#
# Number of large deviations: 0
# Number of outliers in post: 56 
#
# Mean: -1.04594467e+01
# Block size    # of blocks         Mean                Error
      1             1384       -1.04594467e+01       1.344280e-04
      2              692       -1.04594467e+01       1.384154e-04
      5              276       -1.04594282e+01       1.377646e-04
     10              138       -1.04594282e+01       1.451154e-04
     20               69       -1.04594282e+01       1.616066e-04
     50               27       -1.04593792e+01       1.776395e-04
    100               13       -1.04593860e+01       2.034014e-04
    200                6       -1.04593809e+01       2.872776e-04
    300                4       -1.04593809e+01       1.903358e-04
    400                3       -1.04593809e+01       2.876610e-04
    500                2       -1.04594667e+01       1.901495e-04
# Stocahstic error estimate: 1.384154e-04
#
AFQMC energy: -10.4594 +/- 0.0001

#
# Mean: -5.40348617e+01
# Block size    # of blocks         Mean                Error
      1             1384       -5.40348617e+01       1.302072e-03
      2              692       -5.40348617e+01       1.254115e-03
      5              276       -5.40348629e+01       1.241897e-03
     10              138       -5.40348629e+01       1.251912e-03
     20               69       -5.40348629e+01       1.285414e-03
     50               27       -5.40346155e+01       1.139725e-03
    100               13       -5.40346002e+01       8.551211e-04
    200                6       -5.40345547e+01       6.118192e-04
    300                4       -5.40345547e+01       3.957526e-04
    400                3       -5.40345547e+01       9.919716e-04
    500                2       -5.40348677e+01       1.211588e-03
# Stocahstic error estimate: 1.302072e-03
#
AFQMC observable: -54.035 +/- 0.001

ph_afqmc walltime: 1252.840840101242

n_sr_blocks: 45

# Number of MPI ranks: 36
#
# norb: 20
# nelec: (10, 10)
#
# n_eql: 2
# n_ene_blocks: 1
# n_blocks: 40
# n_walkers: 50
# seed: 98
# walker_type: uhf
# orbital_rotation: True
# ad_mode: forward
# n_sr_blocks: 45
# dt: 0.01
# n_prop_steps: 50
# do_sr: True
# symmetry: False
#
# Equilibration sweeps:
#   Iter        Block energy      Walltime
#     0      -1.015772082e+01     5.37e+00 
#     1      -1.040472984e+01     2.88e+01 
#     2      -1.044815063e+01     5.19e+01 
#
# Sampling sweeps:
#  Iter        Mean energy          Stochastic error       Mean observable       Walltime
     0      -1.045597270e+01        1.032917740e-03        -5.421929177e+01       1.51e+02 
     4      -1.045897236e+01        4.261895673e-04        -5.408488472e+01       2.78e+02 
     8      -1.045911788e+01        2.812150016e-04        -5.406763413e+01       4.06e+02 
    12      -1.045951277e+01        2.329570310e-04        -5.405665798e+01       5.34e+02 
    16      -1.045958453e+01        2.012498712e-04        -5.400104975e+01       6.61e+02 
    20      -1.045959766e+01        1.754645084e-04        -5.400767622e+01       7.89e+02 
    24      -1.045963268e+01        1.587088090e-04        -5.400994006e+01       9.16e+02 
    28      -1.045964857e+01        1.468131042e-04        -5.401199448e+01       1.04e+03 
    32      -1.045969785e+01        1.364474085e-04        -5.401597293e+01       1.17e+03 
    36      -1.045962647e+01        1.294248873e-04        -5.401792681e+01       1.30e+03 
#
# Number of large deviations: 0
# Number of outliers in post: 61 
#
# Mean: -1.04596552e+01
# Block size    # of blocks         Mean                Error
      1             1379       -1.04596552e+01       1.276565e-04
      2              689       -1.04596487e+01       1.275840e-04
      5              275       -1.04596564e+01       1.317081e-04
     10              137       -1.04596594e+01       1.378831e-04
     20               68       -1.04596467e+01       1.629421e-04
     50               27       -1.04596419e+01       1.764720e-04
    100               13       -1.04595923e+01       1.637292e-04
    200                6       -1.04595732e+01       1.734190e-04
    300                4       -1.04595732e+01       2.264361e-04
    400                3       -1.04595732e+01       1.877035e-04
    500                2       -1.04596052e+01       2.000270e-04
# Stocahstic error estimate: 1.276565e-04
#
AFQMC energy: -10.4597 +/- 0.0001

#
# Mean: -5.40343516e+01
# Block size    # of blocks         Mean                Error
      1             1379       -5.40343516e+01       1.268427e-03
      2              689       -5.40343651e+01       1.273667e-03
      5              275       -5.40343428e+01       1.200831e-03
     10              137       -5.40345128e+01       1.235059e-03
     20               68       -5.40344791e+01       1.380575e-03
     50               27       -5.40344536e+01       1.431540e-03
    100               13       -5.40343019e+01       1.515148e-03
    200                6       -5.40339088e+01       1.968892e-03
    300                4       -5.40339088e+01       1.855821e-03
    400                3       -5.40339088e+01       1.630844e-03
    500                2       -5.40329612e+01       1.674963e-03
# Stocahstic error estimate: 1.273667e-03
#
AFQMC observable: -54.034 +/- 0.001

ph_afqmc walltime: 1394.8655149936676

n_sr_blocks: 50

# Number of MPI ranks: 36
#
# norb: 20
# nelec: (10, 10)
#
# n_eql: 2
# n_ene_blocks: 1
# n_blocks: 40
# n_walkers: 50
# seed: 98
# walker_type: uhf
# orbital_rotation: True
# ad_mode: forward
# n_sr_blocks: 50
# dt: 0.01
# n_prop_steps: 50
# do_sr: True
# symmetry: False
#
# Equilibration sweeps:
#   Iter        Block energy      Walltime
#     0      -1.015772082e+01     5.36e+00 
#     1      -1.040472984e+01     2.86e+01 
#     2      -1.044815063e+01     5.17e+01 
#
# Sampling sweeps:
#  Iter        Mean energy          Stochastic error       Mean observable       Walltime
     0      -1.045630208e+01        9.292774489e-04        -5.419671876e+01       1.54e+02 
     4      -1.045862940e+01        4.071227686e-04        -5.406626223e+01       2.95e+02 
     8      -1.045901867e+01        2.856122860e-04        -5.404530886e+01       4.36e+02 
    12      -1.045945803e+01        2.301470005e-04        -5.406592561e+01       5.78e+02 
    16      -1.045955018e+01        2.006417803e-04        -5.405174471e+01       7.19e+02 
    20      -1.045962381e+01        1.757599207e-04        -5.407438231e+01       8.61e+02 
    24      -1.045958962e+01        1.583102937e-04        -5.406533563e+01       1.00e+03 
    28      -1.045952645e+01        1.464622878e-04        -5.405859063e+01       1.14e+03 
    32      -1.045952943e+01        1.362107946e-04        -5.404864589e+01       1.28e+03 
    36      -1.045955531e+01        1.274756105e-04        -5.404767066e+01       1.43e+03 
#
# Number of large deviations: 0
# Number of outliers in post: 57 
#
# Mean: -1.04595414e+01
# Block size    # of blocks         Mean                Error
      1             1383       -1.04595414e+01       1.199700e-04
      2              691       -1.04595467e+01       1.230652e-04
      5              276       -1.04595391e+01       1.155192e-04
     10              138       -1.04595391e+01       1.237668e-04
     20               69       -1.04595391e+01       1.319002e-04
     50               27       -1.04595688e+01       1.622934e-04
    100               13       -1.04595685e+01       1.836148e-04
    200                6       -1.04595487e+01       2.352738e-04
    300                4       -1.04595487e+01       3.194539e-04
    400                3       -1.04595487e+01       1.777114e-04
    500                2       -1.04595165e+01       1.314978e-04
# Stocahstic error estimate: 1.230652e-04
#
AFQMC energy: -10.4595 +/- 0.0001

#
# Mean: -5.40349776e+01
# Block size    # of blocks         Mean                Error
      1             1383       -5.40349776e+01       1.276749e-03
      2              691       -5.40349656e+01       1.283641e-03
      5              276       -5.40349354e+01       1.314248e-03
     10              138       -5.40349354e+01       1.290094e-03
     20               69       -5.40349354e+01       1.292299e-03
     50               27       -5.40345625e+01       1.169431e-03
    100               13       -5.40343282e+01       1.538842e-03
    200                6       -5.40344763e+01       2.015068e-03
    300                4       -5.40344763e+01       1.069687e-03
    400                3       -5.40344763e+01       2.517762e-03
    500                2       -5.40340640e+01       7.453341e-04
# Stocahstic error estimate: 1.283641e-03
#
AFQMC observable: -54.035 +/- 0.001

ph_afqmc walltime: 1532.3424265384674
