converged SCF energy = -76.0604663320277
E(CCSD) = -76.34874796453593  E_corr = -0.2882816325081954
CCSD(T) correction = -0.00878288830173225
CCSD(T) energy -76.35753085283767
#
# Orbital relaxed finite difference properties using rhf reference
# epsilon: 1e-05
E(CCSD) = -76.34874628927427  E_corr = -0.288281165051441
CCSD(T) correction = -0.00878279936242275
E(CCSD) = -76.34874964071564  E_corr = -0.2882821000426073
CCSD(T) correction = -0.00878297726064574
# FD single point energies:
# emf_m: -76.06047415048883, emf_p: -76.06045851440703
# emp2_m: -76.34415517045234, emp2_p: -76.34414054671595
# eccsd_m: -76.34875531554027, eccsd_p: -76.34874061444964
# eccsdpt_m: -76.3575381149027, eccsd_p: -76.35752359171029
# FD Observables:
HF observable: 0.78180408991102
MP2 observable: 0.7311868195358783
CCSD observable: 0.7350545317308387
CCSD(T) observable: 0.7261596202567943
#
# Orbital unrelaxed finite difference properties using rhf reference
# epsilon: 1e-05
E(CCSD) = -76.34874624026372  E_corr = -0.28828111645514
CCSD(T) correction = -0.00878283740056646
E(CCSD) = -76.348749689751  E_corr = -0.2882821495040645
CCSD(T) correction = -0.00878293919873797
# FD single point energies:
# emf_m: -76.06047535829394, emf_p: 9.026266e-06
# emp2_m: -76.34415517822497, emp2_p: -76.34414053799951
# eccsd_m: -76.34875526652972, eccsd_p: -76.348740663485
# eccsdpt_m: -76.35753810393028, eccsd_p: -76.35752360268374
# FD Observables:
MP2 observable: 0.7320112729303218
CCSD observable: 0.730152235917103
CCSD(T) observable: 0.7250623269783317
#
# Preparing AFQMC calculation
# Calculating Cholesky integrals
# Finished calculating Cholesky integrals

# Size of the correlation space:
# Number of electrons: (5, 5)
# Number of basis functions: 92
# Number of Cholesky vectors: 497

# Number of MPI ranks: 36
#
# norb: 92
# nelec: (5, 5)
#
# n_eql: 2
# n_ene_blocks: 1
# n_sr_blocks: 50
# n_blocks: 5
# n_walkers: 50
# seed: 98
# orbital_rotation: True
# ad_mode: forward
# dt: 0.01
# n_prop_steps: 50
# do_sr: True
# walker_type: rhf
# symmetry: False
#
# Equilibration sweeps:
#   Iter        Block energy      Walltime
#     0      -7.606046357e+01     2.25e+00 
#     1      -7.635868073e+01     3.87e+02 
#     2      -7.635836029e+01     7.72e+02 
#
# Sampling sweeps:
#  Iter        Mean energy          Stochastic error       Mean observable       Walltime
     0      -7.636077809e+01        9.988927462e-04        7.264713177e-01       1.92e+03 
     1      -7.636058956e+01        7.747720480e-04        7.215256741e-01       3.05e+03 
     2      -7.635988408e+01        6.331389099e-04        7.271093807e-01       4.19e+03 
     3      -7.635971132e+01        5.430897258e-04        7.254112331e-01       5.32e+03 
     4      -7.635939623e+01        4.804810163e-04        7.253505312e-01       6.46e+03 
#
# Number of large deviations: 0
# Number of outliers in post: 2 
#
# Mean: -7.63594263e+01
# Block size    # of blocks         Mean                Error
      1              178       -7.63594263e+01       4.854112e-04
      2               89       -7.63594263e+01       4.585068e-04
      5               35       -7.63594957e+01       4.706794e-04
     10               17       -7.63594907e+01       5.123089e-04
     20                8       -7.63594619e+01       5.470014e-04
     50                3       -7.63595490e+01       4.009658e-04
# Stocahstic error estimate: 4.854112e-04
#
AFQMC energy: -76.3594 +/- 0.0005

#
# Mean: 7.25681968e-01
# Block size    # of blocks         Mean                Error
      1              178       7.25681968e-01       1.916745e-03
      2               89       7.25681968e-01       1.946236e-03
      5               35       7.25622150e-01       2.007375e-03
     10               17       7.25745475e-01       2.234314e-03
     20                8       7.25990457e-01       2.574707e-03
     50                3       7.25668042e-01       2.653444e-03
# Stocahstic error estimate: 1.946236e-03
#
AFQMC observable: 0.726 +/- 0.002

ph_afqmc walltime: 6459.228570699692
